{
  "RSpec": {
    "coverage": {
      "/Users/erindrummond/new_blog/blog/config/environment.rb": [
        null,
        1,
        null,
        null,
        1
      ],
      "/Users/erindrummond/new_blog/blog/config/application.rb": [
        1,
        null,
        1,
        null,
        1,
        null,
        1,
        null,
        null,
        null,
        null,
        1,
        1,
        null,
        null,
        null,
        null,
        null,
        null,
        null,
        null,
        null,
        null,
        null,
        null,
        null,
        null,
        null,
        null,
        null,
        null,
        null,
        null,
        null,
        null,
        null,
        1,
        null,
        null,
        1,
        null,
        null,
        1,
        null,
        null,
        null,
        null,
        null,
        null,
        null,
        null,
        null,
        null,
        1,
        null,
        null,
        1,
        null,
        null,
        1,
        null,
        null
      ],
      "/Users/erindrummond/new_blog/blog/config/boot.rb": [
        1,
        null,
        null,
        1,
        null,
        1
      ],
      "/Users/erindrummond/new_blog/blog/config/environments/test.rb": [
        1,
        null,
        null,
        null,
        null,
        null,
        null,
        1,
        null,
        null,
        1,
        1,
        null,
        null,
        1,
        null,
        null,
        1,
        1,
        null,
        null,
        1,
        null,
        null,
        1,
        null,
        null,
        null,
        null,
        1,
        null,
        null,
        1,
        null,
        null,
        1,
        null
      ],
      "/Users/erindrummond/new_blog/blog/config/initializers/backtrace_silencers.rb": [
        null,
        null,
        null,
        null,
        null,
        null,
        null
      ],
      "/Users/erindrummond/new_blog/blog/config/initializers/inflections.rb": [
        null,
        null,
        null,
        null,
        null,
        null,
        null,
        null,
        null,
        null,
        null,
        null,
        null,
        null,
        null
      ],
      "/Users/erindrummond/new_blog/blog/config/initializers/mime_types.rb": [
        null,
        null,
        null,
        null,
        null
      ],
      "/Users/erindrummond/new_blog/blog/config/initializers/secret_token.rb": [
        null,
        null,
        null,
        null,
        null,
        null,
        1
      ],
      "/Users/erindrummond/new_blog/blog/config/initializers/session_store.rb": [
        null,
        null,
        1,
        null,
        null,
        null,
        null,
        null
      ],
      "/Users/erindrummond/new_blog/blog/config/initializers/wrap_parameters.rb": [
        null,
        null,
        null,
        null,
        null,
        null,
        1,
        1,
        null,
        null,
        null,
        1,
        1,
        null
      ],
      "/Users/erindrummond/new_blog/blog/app/controllers/application_controller.rb": [
        1,
        1,
        null,
        1,
        null,
        1,
        141,
        null,
        null,
        1,
        6,
        1,
        1,
        null,
        null,
        null,
        1,
        null
      ],
      "/Users/erindrummond/new_blog/blog/app/helpers/application_helper.rb": [
        1,
        null
      ],
      "/Users/erindrummond/new_blog/blog/app/helpers/sessions_helper.rb": [
        1,
        null
      ],
      "/Users/erindrummond/new_blog/blog/app/helpers/users_helper.rb": [
        1,
        null
      ],
      "/Users/erindrummond/new_blog/blog/app/controllers/posts_controller.rb": [
        1,
        null,
        1,
        47,
        47,
        47,
        null,
        null,
        1,
        13,
        13,
        13,
        null,
        null,
        1,
        15,
        null,
        null,
        1,
        9,
        null,
        null,
        1,
        6,
        null,
        6,
        3,
        3,
        null,
        3,
        3,
        null,
        null,
        null,
        1,
        7,
        null,
        null,
        1,
        4,
        4,
        null,
        4,
        1,
        1,
        null,
        3,
        3,
        null,
        null,
        null,
        1,
        1,
        1,
        1,
        1,
        null,
        null
      ],
      "/Users/erindrummond/new_blog/blog/app/models/post.rb": [
        1,
        1,
        null,
        1,
        1,
        1,
        1,
        null,
        1,
        1,
        null,
        1,
        90,
        null,
        null,
        1,
        10,
        10,
        10,
        null,
        null,
        1,
        54,
        null,
        null,
        1,
        94,
        null,
        null,
        1,
        26,
        null,
        null
      ],
      "/Users/erindrummond/new_blog/blog/app/controllers/sessions_controller.rb": [
        1,
        null,
        1,
        null,
        null,
        1,
        19,
        null,
        19,
        16,
        16,
        16,
        null,
        3,
        3,
        null,
        null,
        null,
        1,
        2,
        2,
        2,
        null,
        null
      ],
      "/Users/erindrummond/new_blog/blog/app/controllers/tags_controller.rb": [
        1,
        null,
        1,
        4,
        null,
        null,
        1,
        2,
        null,
        null
      ],
      "/Users/erindrummond/new_blog/blog/app/models/tag.rb": [
        1,
        1,
        1,
        1,
        null,
        1,
        39,
        null,
        null,
        1,
        10,
        null,
        null,
        1,
        87,
        null,
        null,
        1,
        26,
        null,
        null
      ],
      "/Users/erindrummond/new_blog/blog/app/controllers/users_controller.rb": [
        1,
        1,
        null,
        1,
        3,
        null,
        null,
        1,
        2,
        2,
        null,
        2,
        1,
        1,
        null,
        1,
        1,
        null,
        null,
        null
      ],
      "/Users/erindrummond/new_blog/blog/app/models/user.rb": [
        1,
        1,
        null,
        1,
        null,
        1,
        null
      ],
      "/Users/erindrummond/new_blog/blog/app/models/tagging.rb": [
        1,
        1,
        1,
        1,
        null
      ],
      "/Users/erindrummond/new_blog/blog/config/routes.rb": [
        1,
        1,
        null,
        1,
        1,
        null,
        1,
        1,
        null,
        1,
        null,
        1,
        null,
        1,
        null
      ]
    },
    "timestamp": 1369169974
  }
}
